#
# A fatal error has been detected by the Java Runtime Environment:
#
#  SIGSEGV (0xb) at pc=0x0000000127bef511, pid=5437, tid=2571
#
# JRE version: Java(TM) SE Runtime Environment (8.0_45-b14) (build 1.8.0_45-b14)
# Java VM: Java HotSpot(TM) 64-Bit Server VM (25.45-b02 mixed mode bsd-amd64 compressed oops)
# Problematic frame:
# C  [libglass.dylib+0x15511]  GlassScreenDidChangeScreenParameters+0x21
#
# Failed to write core dump. Core dumps have been disabled. To enable core dumping, try "ulimit -c unlimited" before starting Java again
#
# If you would like to submit a bug report, please visit:
#   http://bugreport.java.com/bugreport/crash.jsp
#

---------------  T H R E A D  ---------------

Current thread is native thread

siginfo: si_signo: 11 (SIGSEGV), si_code: 1 (SEGV_MAPERR), si_addr: 0x0000000000000000

Registers:
RAX=0x0000000127c21ac8, RBX=0x0000000000000000, RCX=0x0000000000000103, RDX=0x0000010000000100
RSP=0x00007fff5145cb90, RBP=0x00007fff5145cba0, RSI=0x00007fc970d10d00, RDI=0x0000000000000000
R8 =0x0000000000000040, R9 =0x00007fff789331e0, R10=0xffffffffffffffff, R11=0x0000000000000246
R12=0x00007fc970f05a00, R13=0x00007fc970f74bc0, R14=0x00007fc970f74c00, R15=0x0000000000000000
RIP=0x0000000127bef511, EFLAGS=0x0000000000010246, ERR=0x0000000000000004
  TRAPNO=0x000000000000000e

Top of Stack: (sp=0x00007fff5145cb90)
0x00007fff5145cb90:   00007fff5145cbe8 00007fc970f74c00
0x00007fff5145cba0:   00007fff5145cbb0 00007fff97e16c9c
0x00007fff5145cbb0:   00007fff5145cbd0 00007fff97e16c2f
0x00007fff5145cbc0:   0000000000000000 0000000000000000
0x00007fff5145cbd0:   00007fff5145cc40 00007fff97e16ba7
0x00007fff5145cbe0:   00007fff78d54110 00007fff77e4e0a0
0x00007fff5145cbf0:   0000000042000000 00007fff97e16bf0
0x00007fff5145cc00:   00007fff79f086f0 00007fc970f74bc0
0x00007fff5145cc10:   00007fc970f05a00 00007fff5145d3e8
0x00007fff5145cc20:   00007fff7a0356d0 00007fff5145d3e8
0x00007fff5145cc30:   00007fc970f74bc0 00007fff981d5a02
0x00007fff5145cc40:   00007fff5145cc80 00007fff97e16912
0x00007fff5145cc50:   00007fff5145d260 0000000000000000
0x00007fff5145cc60:   00007fff7a0356d0 00007fff5145d3e8
0x00007fff5145cc70:   00007fff92e69d40 00007fff981d5a02
0x00007fff5145cc80:   00007fff5145d390 00007fff97dd36d2
0x00007fff5145cc90:   00007fc973348400 0000000000000002
0x00007fff5145cca0:   0000000000000000 00007fc970f0bed0
0x00007fff5145ccb0:   00007fc971009048 00007fc970f5a940
0x00007fff5145ccc0:   0000000000000000 00007fc970f74c60
0x00007fff5145ccd0:   0000000000000000 0000000000000000
0x00007fff5145cce0:   00007fff79f45b50 00007fff5145d260
0x00007fff5145ccf0:   0000000000000001 0000000000000100
0x00007fff5145cd00:   0000000000001200 00007fff5145d160
0x00007fff5145cd10:   0000000000000000 0000000000000100
0x00007fff5145cd20:   40a3c00000000000 00007fff7a0356d0
0x00007fff5145cd30:   0000000000000000 00007fff79f09490
0x00007fff5145cd40:   00007fff7a0356d0 0000000000000000
0x00007fff5145cd50:   00007fff79f09490 00007fc970f90670
0x00007fff5145cd60:   00007fc973348400 00007fff9674f1b3
0x00007fff5145cd70:   00000000004b9001 00007fff7886e2c0
0x00007fff5145cd80:   00000000004b9000 000000007886e2c0 

Instructions: (pc=0x0000000127bef511)
0x0000000127bef4f1:   48 89 e5 41 56 53 48 8d 05 c2 26 03 00 48 83 38
0x0000000127bef501:   00 48 89 fb 75 72 48 8d 05 ba 25 03 00 48 8b 30
0x0000000127bef511:   48 8b 03 48 8d 15 6c 9a 01 00 48 8d 0d 86 6f 01
0x0000000127bef521:   00 48 89 df ff 90 88 03 00 00 48 8d 0d 8e 26 03 

Register to memory mapping:

RAX=0x0000000127c21ac8: jScreenClass+0 in /Library/Java/JavaVirtualMachines/jdk1.8.0_45.jdk/Contents/Home/jre/lib/libglass.dylib at 0x0000000127bda000
RBX=0x0000000000000000 is an unknown value
RCX=0x0000000000000103 is an unknown value
RDX=0x0000010000000100 is an unknown value
RSP=0x00007fff5145cb90 is an unknown value
RBP=0x00007fff5145cba0 is an unknown value
RSI=0x00007fc970d10d00 is a global jni handle
RDI=0x0000000000000000 is an unknown value
R8 =0x0000000000000040 is an unknown value
R9 =0x00007fff789331e0: __sFX+0x1c0 in /usr/lib/system/libsystem_c.dylib at 0x00007fff931e2000
R10=0xffffffffffffffff is an unknown value
R11=0x0000000000000246 is an unknown value
R12=0x00007fc970f05a00 is an unknown value
R13=0x00007fc970f74bc0 is an unknown value
R14=0x00007fc970f74c00 is an unknown value
R15=0x0000000000000000 is an unknown value


Stack: [0x00007fff50c60000,0x00007fff51460000],  sp=0x00007fff5145cb90,  free space=8178k
Native frames: (J=compiled Java code, j=interpreted, Vv=VM code, C=native code)
C  [libglass.dylib+0x15511]  GlassScreenDidChangeScreenParameters+0x21
C  [CoreFoundation+0xa0c9c]  __CFNOTIFICATIONCENTER_IS_CALLING_OUT_TO_AN_OBSERVER__+0xc
C  [CoreFoundation+0xa0c2f]  ___CFXRegistrationPost_block_invoke+0x3f
C  [CoreFoundation+0xa0ba7]  _CFXRegistrationPost+0x197
C  [CoreFoundation+0xa0912]  ___CFXNotificationPost_block_invoke+0x32
C  [CoreFoundation+0x5d6d2]  -[_CFXNotificationRegistrar find:object:observer:enumerator:]+0x782
C  [CoreFoundation+0x5c925]  _CFXNotificationPost+0x2b5
C  [Foundation+0x70fa]  -[NSNotificationCenter postNotificationName:object:userInfo:]+0x42
C  [AppKit+0x41da66]  -[NSApplication _reactToScreenInvalidationImmediately:]+0x17f
C  [AppKit+0x41d8b7]  __44-[NSApplication _reactToScreenInvalidation:]_block_invoke+0x3b
C  [CoreFoundation+0xaa4dc]  __CFRUNLOOP_IS_CALLING_OUT_TO_A_BLOCK__+0xc
C  [CoreFoundation+0x89df5]  __CFRunLoopDoBlocks+0x155
C  [CoreFoundation+0x89b5b]  __CFRunLoopRun+0x92b
C  [CoreFoundation+0x88fc8]  CFRunLoopRunSpecific+0x128
C  [java+0x6490]  CreateExecutionEnvironment+0x367
C  [java+0x221c]  JLI_Launch+0x7a0
C  [java+0x84ed]  main+0x65
C  [java+0x1a74]  start+0x34


---------------  P R O C E S S  ---------------

VM state:not at safepoint (normal execution)

VM Mutex/Monitor currently owned by a thread: None

Heap:
 PSYoungGen      total 69632K, used 47437K [0x0000000795580000, 0x000000079b180000, 0x00000007c0000000)
  eden space 64512K, 65% used [0x0000000795580000,0x0000000797f03578,0x0000000799480000)
  from space 5120K, 96% used [0x0000000799680000,0x0000000799b50010,0x0000000799b80000)
  to   space 14848K, 0% used [0x000000079a300000,0x000000079a300000,0x000000079b180000)
 ParOldGen       total 87552K, used 12888K [0x0000000740000000, 0x0000000745580000, 0x0000000795580000)
  object space 87552K, 14% used [0x0000000740000000,0x0000000740c963e0,0x0000000745580000)
 Metaspace       used 20051K, capacity 20928K, committed 20992K, reserved 1067008K
  class space    used 2802K, capacity 3019K, committed 3072K, reserved 1048576K

Card table byte_map: [0x000000011f5c0000,0x000000011f9c1000] byte_map_base: 0x000000011bbc0000

Marking Bits: (ParMarkBitMap*) 0x000000010f2de7a0
 Begin Bits: [0x000000011fc6c000, 0x0000000121c6c000)
 End Bits:   [0x0000000121c6c000, 0x0000000123c6c000)

Polling page: 0x000000010f9cc000

CodeCache: size=245760Kb used=14492Kb max_used=17015Kb free=231267Kb
 bounds [0x0000000110200000, 0x00000001112f0000, 0x000000011f200000]
 total_blobs=4733 nmethods=4090 adapters=555
 compilation: enabled

Compilation events (10 events):
Event: 12.016 Thread 0x00007fc972005000 nmethod 4865% 0x00000001108b2990 code [0x00000001108b2b00, 0x00000001108b2d98]
Event: 12.016 Thread 0x00007fc971820000 nmethod 4864 0x00000001106b9d50 code [0x00000001106ba1e0, 0x00000001106bc540]
Event: 13.435 Thread 0x00007fc972003800 4867       3       com.sun.javafx.css.StyleManager$RefList::remove (81 bytes)
Event: 13.435 Thread 0x00007fc972003800 nmethod 4867 0x0000000110b95250 code [0x0000000110b95420, 0x0000000110b95ba8]
Event: 13.435 Thread 0x00007fc972003800 4869       1       java.lang.ref.Reference::clear (6 bytes)
Event: 13.435 Thread 0x00007fc972003800 nmethod 4869 0x000000011078be50 code [0x000000011078bfa0, 0x000000011078c0d0]
Event: 13.435 Thread 0x00007fc972003800 4868   !   3       java.util.ArrayList$Itr::remove (68 bytes)
Event: 13.436 Thread 0x00007fc972003800 nmethod 4868 0x0000000110378550 code [0x0000000110378720, 0x0000000110378d18]
Event: 13.436 Thread 0x00007fc972003800 4870       3       java.lang.invoke.MethodType$ConcurrentWeakInternSet::add (66 bytes)
Event: 13.436 Thread 0x00007fc972003800 nmethod 4870 0x00000001108efc90 code [0x00000001108efec0, 0x00000001108f0ca8]

GC Heap History (10 events):
Event: 0.764 GC heap before
{Heap before GC invocations=1 (full 0):
 PSYoungGen      total 38400K, used 33280K [0x0000000795580000, 0x0000000798000000, 0x00000007c0000000)
  eden space 33280K, 100% used [0x0000000795580000,0x0000000797600000,0x0000000797600000)
  from space 5120K, 0% used [0x0000000797b00000,0x0000000797b00000,0x0000000798000000)
  to   space 5120K, 0% used [0x0000000797600000,0x0000000797600000,0x0000000797b00000)
 ParOldGen       total 87552K, used 0K [0x0000000740000000, 0x0000000745580000, 0x0000000795580000)
  object space 87552K, 0% used [0x0000000740000000,0x0000000740000000,0x0000000745580000)
 Metaspace       used 10688K, capacity 11158K, committed 11392K, reserved 1058816K
  class space    used 1389K, capacity 1548K, committed 1664K, reserved 1048576K
Event: 0.769 GC heap after
Heap after GC invocations=1 (full 0):
 PSYoungGen      total 38400K, used 3504K [0x0000000795580000, 0x0000000798000000, 0x00000007c0000000)
  eden space 33280K, 0% used [0x0000000795580000,0x0000000795580000,0x0000000797600000)
  from space 5120K, 68% used [0x0000000797600000,0x000000079796c030,0x0000000797b00000)
  to   space 5120K, 0% used [0x0000000797b00000,0x0000000797b00000,0x0000000798000000)
 ParOldGen       total 87552K, used 80K [0x0000000740000000, 0x0000000745580000, 0x0000000795580000)
  object space 87552K, 0% used [0x0000000740000000,0x0000000740014010,0x0000000745580000)
 Metaspace       used 10688K, capacity 11158K, committed 11392K, reserved 1058816K
  class space    used 1389K, capacity 1548K, committed 1664K, reserved 1048576K
}
Event: 1.546 GC heap before
{Heap before GC invocations=2 (full 0):
 PSYoungGen      total 38400K, used 36784K [0x0000000795580000, 0x0000000798000000, 0x00000007c0000000)
  eden space 33280K, 100% used [0x0000000795580000,0x0000000797600000,0x0000000797600000)
  from space 5120K, 68% used [0x0000000797600000,0x000000079796c030,0x0000000797b00000)
  to   space 5120K, 0% used [0x0000000797b00000,0x0000000797b00000,0x0000000798000000)
 ParOldGen       total 87552K, used 80K [0x0000000740000000, 0x0000000745580000, 0x0000000795580000)
  object space 87552K, 0% used [0x0000000740000000,0x0000000740014010,0x0000000745580000)
 Metaspace       used 17234K, capacity 18052K, committed 18176K, reserved 1064960K
  class space    used 2587K, capacity 2801K, committed 2816K, reserved 1048576K
Event: 1.569 GC heap after
Heap after GC invocations=2 (full 0):
 PSYoungGen      total 38400K, used 5104K [0x0000000795580000, 0x000000079a080000, 0x00000007c0000000)
  eden space 33280K, 0% used [0x0000000795580000,0x0000000795580000,0x0000000797600000)
  from space 5120K, 99% used [0x0000000797b00000,0x0000000797ffc030,0x0000000798000000)
  to   space 5120K, 0% used [0x0000000797600000,0x0000000797600000,0x0000000797b00000)
 ParOldGen       total 87552K, used 2672K [0x0000000740000000, 0x0000000745580000, 0x0000000795580000)
  object space 87552K, 3% used [0x0000000740000000,0x000000074029c390,0x0000000745580000)
 Metaspace       used 17234K, capacity 18052K, committed 18176K, reserved 1064960K
  class space    used 2587K, capacity 2801K, committed 2816K, reserved 1048576K
}
Event: 3.795 GC heap before
{Heap before GC invocations=3 (full 0):
 PSYoungGen      total 38400K, used 38384K [0x0000000795580000, 0x000000079a080000, 0x00000007c0000000)
  eden space 33280K, 100% used [0x0000000795580000,0x0000000797600000,0x0000000797600000)
  from space 5120K, 99% used [0x0000000797b00000,0x0000000797ffc030,0x0000000798000000)
  to   space 5120K, 0% used [0x0000000797600000,0x0000000797600000,0x0000000797b00000)
 ParOldGen       total 87552K, used 2672K [0x0000000740000000, 0x0000000745580000, 0x0000000795580000)
  object space 87552K, 3% used [0x0000000740000000,0x000000074029c390,0x0000000745580000)
 Metaspace       used 19506K, capacity 20352K, committed 20480K, reserved 1067008K
  class space    used 2787K, capacity 3007K, committed 3072K, reserved 1048576K
Event: 3.807 GC heap after
Heap after GC invocations=3 (full 0):
 PSYoungGen      total 38400K, used 5088K [0x0000000795580000, 0x000000079a080000, 0x00000007c0000000)
  eden space 33280K, 0% used [0x0000000795580000,0x0000000795580000,0x0000000797600000)
  from space 5120K, 99% used [0x0000000797600000,0x0000000797af8020,0x0000000797b00000)
  to   space 5120K, 0% used [0x0000000799b80000,0x0000000799b80000,0x000000079a080000)
 ParOldGen       total 87552K, used 11800K [0x0000000740000000, 0x0000000745580000, 0x0000000795580000)
  object space 87552K, 13% used [0x0000000740000000,0x0000000740b863d0,0x0000000745580000)
 Metaspace       used 19506K, capacity 20352K, committed 20480K, reserved 1067008K
  class space    used 2787K, capacity 3007K, committed 3072K, reserved 1048576K
}
Event: 6.414 GC heap before
{Heap before GC invocations=4 (full 0):
 PSYoungGen      total 38400K, used 38368K [0x0000000795580000, 0x000000079a080000, 0x00000007c0000000)
  eden space 33280K, 100% used [0x0000000795580000,0x0000000797600000,0x0000000797600000)
  from space 5120K, 99% used [0x0000000797600000,0x0000000797af8020,0x0000000797b00000)
  to   space 5120K, 0% used [0x0000000799b80000,0x0000000799b80000,0x000000079a080000)
 ParOldGen       total 87552K, used 11800K [0x0000000740000000, 0x0000000745580000, 0x0000000795580000)
  object space 87552K, 13% used [0x0000000740000000,0x0000000740b863d0,0x0000000745580000)
 Metaspace       used 19749K, capacity 20612K, committed 20736K, reserved 1067008K
  class space    used 2795K, capacity 3007K, committed 3072K, reserved 1048576K
Event: 6.425 GC heap after
Heap after GC invocations=4 (full 0):
 PSYoungGen      total 71680K, used 5088K [0x0000000795580000, 0x000000079a080000, 0x00000007c0000000)
  eden space 66560K, 0% used [0x0000000795580000,0x0000000795580000,0x0000000799680000)
  from space 5120K, 99% used [0x0000000799b80000,0x000000079a078010,0x000000079a080000)
  to   space 5120K, 0% used [0x0000000799680000,0x0000000799680000,0x0000000799b80000)
 ParOldGen       total 87552K, used 12888K [0x0000000740000000, 0x0000000745580000, 0x0000000795580000)
  object space 87552K, 14% used [0x0000000740000000,0x0000000740c963e0,0x0000000745580000)
 Metaspace       used 19749K, capacity 20612K, committed 20736K, reserved 1067008K
  class space    used 2795K, capacity 3007K, committed 3072K, reserved 1048576K
}
Event: 9.881 GC heap before
{Heap before GC invocations=5 (full 0):
 PSYoungGen      total 71680K, used 71648K [0x0000000795580000, 0x000000079a080000, 0x00000007c0000000)
  eden space 66560K, 100% used [0x0000000795580000,0x0000000799680000,0x0000000799680000)
  from space 5120K, 99% used [0x0000000799b80000,0x000000079a078010,0x000000079a080000)
  to   space 5120K, 0% used [0x0000000799680000,0x0000000799680000,0x0000000799b80000)
 ParOldGen       total 87552K, used 12888K [0x0000000740000000, 0x0000000745580000, 0x0000000795580000)
  object space 87552K, 14% used [0x0000000740000000,0x0000000740c963e0,0x0000000745580000)
 Metaspace       used 19926K, capacity 20750K, committed 20992K, reserved 1067008K
  class space    used 2795K, capacity 3008K, committed 3072K, reserved 1048576K
Event: 9.891 GC heap after
Heap after GC invocations=5 (full 0):
 PSYoungGen      total 69632K, used 4928K [0x0000000795580000, 0x000000079b180000, 0x00000007c0000000)
  eden space 64512K, 0% used [0x0000000795580000,0x0000000795580000,0x0000000799480000)
  from space 5120K, 96% used [0x0000000799680000,0x0000000799b50010,0x0000000799b80000)
  to   space 14848K, 0% used [0x000000079a300000,0x000000079a300000,0x000000079b180000)
 ParOldGen       total 87552K, used 12888K [0x0000000740000000, 0x0000000745580000, 0x0000000795580000)
  object space 87552K, 14% used [0x0000000740000000,0x0000000740c963e0,0x0000000745580000)
 Metaspace       used 19926K, capacity 20750K, committed 20992K, reserved 1067008K
  class space    used 2795K, capacity 3008K, committed 3072K, reserved 1048576K
}

Deoptimization events (10 events):
Event: 7.269 Thread 0x00007fc9718e9000 Uncommon trap: reason=unstable_if action=reinterpret pc=0x00000001106def80 method=com.sun.javafx.css.BitSet.add(Ljava/lang/Object;)Z @ 91
Event: 8.179 Thread 0x00007fc9729f7000 Uncommon trap: reason=intrinsic action=make_not_entrant pc=0x00000001111c0688 method=com.sun.prism.impl.ps.BaseShaderGraphics.drawString(Lcom/sun/javafx/scene/text/GlyphList;Lcom/sun/javafx/font/FontStrike;FFLcom/sun/prism/paint/Color;II)V @ 559
Event: 8.281 Thread 0x00007fc9718e9000 Uncommon trap: reason=unstable_if action=reinterpret pc=0x0000000110f53c24 method=java.util.BitSet.get(I)Z @ 45
Event: 8.285 Thread 0x00007fc9718e9000 Uncommon trap: reason=unstable_if action=reinterpret pc=0x00000001110423e0 method=com.sun.prism.BasicStroke.accumulateShapeBounds([FLcom/sun/javafx/geom/Shape;Lcom/sun/javafx/geom/transform/BaseTransform;)V @ 318
Event: 8.645 Thread 0x00007fc9729f7000 Uncommon trap: reason=unstable_if action=reinterpret pc=0x0000000110ea1b88 method=com.sun.javafx.geom.RectBounds.disjoint(Lcom/sun/javafx/geom/RectBounds;)Z @ 53
Event: 9.288 Thread 0x00007fc9729f7000 Uncommon trap: reason=intrinsic action=make_not_entrant pc=0x00000001112358fc method=com.sun.prism.impl.ps.BaseShaderGraphics.drawString(Lcom/sun/javafx/scene/text/GlyphList;Lcom/sun/javafx/font/FontStrike;FFLcom/sun/prism/paint/Color;II)V @ 572
Event: 9.545 Thread 0x00007fc9718e9000 Uncommon trap: reason=unstable_if action=reinterpret pc=0x00000001111b30f8 method=javafx.scene.Parent.updateCachedBounds(Ljava/util/List;I)Z @ 23
Event: 13.432 Thread 0x00007fc9718e9000 Uncommon trap: reason=predicate action=maybe_recompile pc=0x0000000110e7a574 method=java.util.ArrayList.remove(Ljava/lang/Object;)Z @ 49
Event: 13.443 Thread 0x00007fc9718e9000 Uncommon trap: reason=unstable_if action=reinterpret pc=0x0000000110f7fd44 method=java.util.Collections.unmodifiableList(Ljava/util/List;)Ljava/util/List; @ 4
Event: 13.445 Thread 0x00007fc9718e9000 Uncommon trap: reason=unstable_if action=reinterpret pc=0x0000000110789f64 method=java.util.concurrent.locks.ReentrantLock$Sync.tryRelease(I)Z @ 28

Internal exceptions (10 events):
Event: 1.229 Thread 0x00007fc9718e9000 Implicit null exception at 0x00000001104a2cf5 to 0x00000001104a2ef1
Event: 1.229 Thread 0x00007fc9718e9000 Implicit null exception at 0x00000001105a9bbb to 0x00000001105aa5d1
Event: 3.182 Thread 0x00007fc9718e9000 Implicit null exception at 0x00000001105cd32f to 0x00000001105cd399
Event: 4.166 Thread 0x00007fc9718e9000 Implicit null exception at 0x000000011051b935 to 0x000000011051bc99
Event: 4.167 Thread 0x00007fc9718e9000 Implicit null exception at 0x0000000110427b75 to 0x0000000110427ecd
Event: 6.266 Thread 0x00007fc9718e9000 Implicit null exception at 0x0000000110fa6d0f to 0x0000000110fa7041
Event: 6.266 Thread 0x00007fc9718e9000 Implicit null exception at 0x0000000110f9337f to 0x0000000110f9357d
Event: 6.278 Thread 0x00007fc9718e9000 Implicit null exception at 0x0000000110e7b990 to 0x0000000110e7c209
Event: 6.291 Thread 0x00007fc9718e9000 Implicit null exception at 0x0000000110fbf351 to 0x0000000110fbfa89
Event: 9.545 Thread 0x00007fc9718e9000 Implicit null exception at 0x00000001111b22be to 0x00000001111b30dd

Events (10 events):
Event: 13.445 Thread 0x00007fc9718e9000 Uncommon trap: trap_request=0xffffff65 fr.pc=0x0000000110789f64
Event: 13.445 Thread 0x00007fc9718e9000 DEOPT PACKING pc=0x0000000110789f64 sp=0x00007fff51459d00
Event: 13.445 Thread 0x00007fc9718e9000 DEOPT UNPACKING pc=0x0000000110205229 sp=0x00007fff51459ca8 mode 2
Event: 13.445 loading class com/sun/javafx/tk/quantum/QuantumToolkit
Event: 13.445 loading class com/sun/javafx/tk/quantum/QuantumToolkit done
Event: 13.445 Thread 0x00007fc9729f7000 Thread exited: 0x00007fc9729f7000
Event: 13.445 Thread 0x00007fc972a53000 Thread exited: 0x00007fc972a53000
Event: 13.445 Thread 0x00007fc972806800 Thread exited: 0x00007fc972806800
Event: 13.445 Thread 0x00007fc97785d000 Thread added: 0x00007fc97785d000
Event: 13.445 Thread 0x00007fc9718e9000 Thread exited: 0x00007fc9718e9000


Dynamic libraries:
0x0000000006264000 	/System/Library/Frameworks/Cocoa.framework/Versions/A/Cocoa
0x0000000006264000 	/System/Library/Frameworks/Security.framework/Versions/A/Security
0x0000000006264000 	/System/Library/Frameworks/ApplicationServices.framework/Versions/A/ApplicationServices
0x0000000006264000 	/usr/lib/libz.1.dylib
0x0000000006264000 	/usr/lib/libSystem.B.dylib
0x0000000006264000 	/usr/lib/libobjc.A.dylib
0x0000000006264000 	/System/Library/Frameworks/CoreFoundation.framework/Versions/A/CoreFoundation
0x0000000006264000 	/System/Library/Frameworks/Foundation.framework/Versions/C/Foundation
0x0000000006264000 	/System/Library/Frameworks/AppKit.framework/Versions/C/AppKit
0x0000000006264000 	/System/Library/Frameworks/CoreData.framework/Versions/A/CoreData
0x0000000006264000 	/System/Library/PrivateFrameworks/RemoteViewServices.framework/Versions/A/RemoteViewServices
0x0000000006264000 	/System/Library/PrivateFrameworks/UIFoundation.framework/Versions/A/UIFoundation
0x0000000006264000 	/usr/lib/libScreenReader.dylib
0x0000000006264000 	/System/Library/Frameworks/Accelerate.framework/Versions/A/Accelerate
0x0000000006264000 	/System/Library/Frameworks/IOSurface.framework/Versions/A/IOSurface
0x0000000006264000 	/System/Library/Frameworks/AudioToolbox.framework/Versions/A/AudioToolbox
0x0000000006264000 	/System/Library/Frameworks/AudioUnit.framework/Versions/A/AudioUnit
0x0000000006264000 	/System/Library/PrivateFrameworks/DataDetectorsCore.framework/Versions/A/DataDetectorsCore
0x0000000006264000 	/System/Library/PrivateFrameworks/DesktopServicesPriv.framework/Versions/A/DesktopServicesPriv
0x0000000006264000 	/System/Library/Frameworks/Carbon.framework/Versions/A/Frameworks/HIToolbox.framework/Versions/A/HIToolbox
0x0000000006264000 	/System/Library/Frameworks/QuartzCore.framework/Versions/A/QuartzCore
0x0000000006264000 	/System/Library/Frameworks/Carbon.framework/Versions/A/Frameworks/SpeechRecognition.framework/Versions/A/SpeechRecognition
0x0000000006264000 	/usr/lib/libauto.dylib
0x0000000006264000 	/usr/lib/libicucore.A.dylib
0x0000000006264000 	/usr/lib/libxml2.2.dylib
0x0000000006264000 	/System/Library/PrivateFrameworks/CoreUI.framework/Versions/A/CoreUI
0x0000000006264000 	/System/Library/Frameworks/CoreAudio.framework/Versions/A/CoreAudio
0x0000000006264000 	/System/Library/Frameworks/DiskArbitration.framework/Versions/A/DiskArbitration
0x0000000006264000 	/usr/lib/liblangid.dylib
0x0000000006264000 	/System/Library/PrivateFrameworks/MultitouchSupport.framework/Versions/A/MultitouchSupport
0x0000000006264000 	/System/Library/Frameworks/IOKit.framework/Versions/A/IOKit
0x0000000006264000 	/usr/lib/libDiagnosticMessagesClient.dylib
0x0000000006264000 	/System/Library/Frameworks/CoreServices.framework/Versions/A/CoreServices
0x0000000006264000 	/System/Library/PrivateFrameworks/PerformanceAnalysis.framework/Versions/A/PerformanceAnalysis
0x0000000006264000 	/System/Library/PrivateFrameworks/GenerationalStorage.framework/Versions/A/GenerationalStorage
0x0000000006264000 	/System/Library/Frameworks/OpenGL.framework/Versions/A/OpenGL
0x0000000006264000 	/System/Library/PrivateFrameworks/Sharing.framework/Versions/A/Sharing
0x0000000006264000 	/System/Library/Frameworks/CoreGraphics.framework/Versions/A/CoreGraphics
0x0000000006264000 	/System/Library/Frameworks/CoreImage.framework/Versions/A/CoreImage
0x0000000006264000 	/System/Library/Frameworks/CoreText.framework/Versions/A/CoreText
0x0000000006264000 	/System/Library/Frameworks/ImageIO.framework/Versions/A/ImageIO
0x0000000006264000 	/System/Library/PrivateFrameworks/Backup.framework/Versions/A/Backup
0x0000000006264000 	/usr/lib/libextension.dylib
0x0000000006264000 	/usr/lib/libarchive.2.dylib
0x0000000006264000 	/System/Library/Frameworks/CFNetwork.framework/Versions/A/CFNetwork
0x0000000006264000 	/System/Library/Frameworks/SystemConfiguration.framework/Versions/A/SystemConfiguration
0x0000000006264000 	/usr/lib/libCRFSuite.dylib
0x0000000006264000 	/usr/lib/libc++.1.dylib
0x0000000006264000 	/usr/lib/libc++abi.dylib
0x0000000006264000 	/usr/lib/system/libcache.dylib
0x0000000006264000 	/usr/lib/system/libcommonCrypto.dylib
0x0000000006264000 	/usr/lib/system/libcompiler_rt.dylib
0x0000000006264000 	/usr/lib/system/libcopyfile.dylib
0x0000000006264000 	/usr/lib/system/libcorecrypto.dylib
0x0000000006264000 	/usr/lib/system/libdispatch.dylib
0x0000000006264000 	/usr/lib/system/libdyld.dylib
0x0000000006264000 	/usr/lib/system/libkeymgr.dylib
0x0000000006264000 	/usr/lib/system/liblaunch.dylib
0x0000000006264000 	/usr/lib/system/libmacho.dylib
0x0000000006264000 	/usr/lib/system/libquarantine.dylib
0x0000000006264000 	/usr/lib/system/libremovefile.dylib
0x0000000006264000 	/usr/lib/system/libsystem_asl.dylib
0x0000000006264000 	/usr/lib/system/libsystem_blocks.dylib
0x0000000006264000 	/usr/lib/system/libsystem_c.dylib
0x0000000006264000 	/usr/lib/system/libsystem_configuration.dylib
0x0000000006264000 	/usr/lib/system/libsystem_coreservices.dylib
0x0000000006264000 	/usr/lib/system/libsystem_coretls.dylib
0x0000000006264000 	/usr/lib/system/libsystem_dnssd.dylib
0x0000000006264000 	/usr/lib/system/libsystem_info.dylib
0x0000000006264000 	/usr/lib/system/libsystem_kernel.dylib
0x0000000006264000 	/usr/lib/system/libsystem_m.dylib
0x0000000006264000 	/usr/lib/system/libsystem_malloc.dylib
0x0000000006264000 	/usr/lib/system/libsystem_network.dylib
0x0000000006264000 	/usr/lib/system/libsystem_networkextension.dylib
0x0000000006264000 	/usr/lib/system/libsystem_notify.dylib
0x0000000006264000 	/usr/lib/system/libsystem_platform.dylib
0x0000000006264000 	/usr/lib/system/libsystem_pthread.dylib
0x0000000006264000 	/usr/lib/system/libsystem_sandbox.dylib
0x0000000006264000 	/usr/lib/system/libsystem_secinit.dylib
0x0000000006264000 	/usr/lib/system/libsystem_trace.dylib
0x0000000006264000 	/usr/lib/system/libunc.dylib
0x0000000006264000 	/usr/lib/system/libunwind.dylib
0x0000000006264000 	/usr/lib/system/libxpc.dylib
0x0000000006264000 	/usr/lib/libenergytrace.dylib
0x0000000006264000 	/usr/lib/libbsm.0.dylib
0x0000000006264000 	/usr/lib/system/libkxld.dylib
0x0000000006264000 	/usr/lib/libxar.1.dylib
0x0000000006264000 	/usr/lib/libsqlite3.dylib
0x0000000006264000 	/usr/lib/libpam.2.dylib
0x0000000006264000 	/usr/lib/libOpenScriptingUtil.dylib
0x0000000006264000 	/usr/lib/libbz2.1.0.dylib
0x0000000006264000 	/usr/lib/liblzma.5.dylib
0x0000000006264000 	/System/Library/Frameworks/CoreServices.framework/Versions/A/Frameworks/FSEvents.framework/Versions/A/FSEvents
0x0000000006264000 	/System/Library/Frameworks/CoreServices.framework/Versions/A/Frameworks/CarbonCore.framework/Versions/A/CarbonCore
0x0000000006264000 	/System/Library/Frameworks/CoreServices.framework/Versions/A/Frameworks/Metadata.framework/Versions/A/Metadata
0x0000000006264000 	/System/Library/Frameworks/CoreServices.framework/Versions/A/Frameworks/OSServices.framework/Versions/A/OSServices
0x0000000006264000 	/System/Library/Frameworks/CoreServices.framework/Versions/A/Frameworks/SearchKit.framework/Versions/A/SearchKit
0x0000000006264000 	/System/Library/Frameworks/CoreServices.framework/Versions/A/Frameworks/AE.framework/Versions/A/AE
0x0000000006264000 	/System/Library/Frameworks/CoreServices.framework/Versions/A/Frameworks/LaunchServices.framework/Versions/A/LaunchServices
0x0000000006264000 	/System/Library/Frameworks/CoreServices.framework/Versions/A/Frameworks/DictionaryServices.framework/Versions/A/DictionaryServices
0x0000000006264000 	/System/Library/Frameworks/CoreServices.framework/Versions/A/Frameworks/SharedFileList.framework/Versions/A/SharedFileList
0x0000000006264000 	/System/Library/Frameworks/NetFS.framework/Versions/A/NetFS
0x0000000006264000 	/System/Library/PrivateFrameworks/NetAuth.framework/Versions/A/NetAuth
0x0000000006264000 	/System/Library/PrivateFrameworks/login.framework/Versions/A/Frameworks/loginsupport.framework/Versions/A/loginsupport
0x0000000006264000 	/System/Library/PrivateFrameworks/TCC.framework/Versions/A/TCC
0x0000000006264000 	/usr/lib/libmecabra.dylib
0x0000000006264000 	/System/Library/Frameworks/ApplicationServices.framework/Versions/A/Frameworks/ATS.framework/Versions/A/ATS
0x0000000006264000 	/System/Library/Frameworks/ApplicationServices.framework/Versions/A/Frameworks/ColorSync.framework/Versions/A/ColorSync
0x0000000006264000 	/System/Library/Frameworks/ApplicationServices.framework/Versions/A/Frameworks/HIServices.framework/Versions/A/HIServices
0x0000000006264000 	/System/Library/Frameworks/ApplicationServices.framework/Versions/A/Frameworks/LangAnalysis.framework/Versions/A/LangAnalysis
0x0000000006264000 	/System/Library/Frameworks/ApplicationServices.framework/Versions/A/Frameworks/PrintCore.framework/Versions/A/PrintCore
0x0000000006264000 	/System/Library/Frameworks/ApplicationServices.framework/Versions/A/Frameworks/QD.framework/Versions/A/QD
0x0000000006264000 	/System/Library/Frameworks/ApplicationServices.framework/Versions/A/Frameworks/SpeechSynthesis.framework/Versions/A/SpeechSynthesis
0x0000000006264000 	/System/Library/Frameworks/Metal.framework/Versions/A/Metal
0x0000000006264000 	/System/Library/Frameworks/Accelerate.framework/Versions/A/Frameworks/vImage.framework/Versions/A/vImage
0x0000000006264000 	/System/Library/Frameworks/Accelerate.framework/Versions/A/Frameworks/vecLib.framework/Versions/A/vecLib
0x0000000006264000 	/System/Library/Frameworks/Accelerate.framework/Versions/A/Frameworks/vecLib.framework/Versions/A/libvDSP.dylib
0x0000000006264000 	/System/Library/Frameworks/Accelerate.framework/Versions/A/Frameworks/vecLib.framework/Versions/A/libvMisc.dylib
0x0000000006264000 	/System/Library/Frameworks/Accelerate.framework/Versions/A/Frameworks/vecLib.framework/Versions/A/libLAPACK.dylib
0x0000000006264000 	/System/Library/Frameworks/Accelerate.framework/Versions/A/Frameworks/vecLib.framework/Versions/A/libBLAS.dylib
0x0000000006264000 	/System/Library/Frameworks/Accelerate.framework/Versions/A/Frameworks/vecLib.framework/Versions/A/libLinearAlgebra.dylib
0x0000000006264000 	/System/Library/Frameworks/Accelerate.framework/Versions/A/Frameworks/vecLib.framework/Versions/A/libSparseBLAS.dylib
0x0000000006264000 	/System/Library/PrivateFrameworks/GPUCompiler.framework/libmetal_timestamp.dylib
0x0000000006264000 	/System/Library/Frameworks/OpenGL.framework/Versions/A/Libraries/libCoreFSCache.dylib
0x0000000006264000 	/System/Library/PrivateFrameworks/IOAccelerator.framework/Versions/A/IOAccelerator
0x0000000006264000 	/System/Library/Frameworks/ApplicationServices.framework/Versions/A/Frameworks/ATS.framework/Versions/A/Resources/libFontParser.dylib
0x0000000006264000 	/System/Library/Frameworks/ApplicationServices.framework/Versions/A/Frameworks/ATS.framework/Versions/A/Resources/libFontRegistry.dylib
0x0000000006264000 	/System/Library/PrivateFrameworks/AppleVPA.framework/Versions/A/AppleVPA
0x0000000006264000 	/System/Library/PrivateFrameworks/AppleJPEG.framework/Versions/A/AppleJPEG
0x0000000006264000 	/System/Library/Frameworks/ImageIO.framework/Versions/A/Resources/libJPEG.dylib
0x0000000006264000 	/System/Library/Frameworks/ImageIO.framework/Versions/A/Resources/libTIFF.dylib
0x0000000006264000 	/System/Library/Frameworks/ImageIO.framework/Versions/A/Resources/libPng.dylib
0x0000000006264000 	/System/Library/Frameworks/ImageIO.framework/Versions/A/Resources/libGIF.dylib
0x0000000006264000 	/System/Library/Frameworks/ImageIO.framework/Versions/A/Resources/libJP2.dylib
0x0000000006264000 	/System/Library/Frameworks/ImageIO.framework/Versions/A/Resources/libRadiance.dylib
0x0000000006264000 	/System/Library/Frameworks/CoreVideo.framework/Versions/A/CoreVideo
0x0000000006264000 	/System/Library/Frameworks/OpenGL.framework/Versions/A/Libraries/libGLU.dylib
0x0000000006264000 	/System/Library/Frameworks/OpenGL.framework/Versions/A/Libraries/libGFXShared.dylib
0x0000000006264000 	/System/Library/Frameworks/OpenGL.framework/Versions/A/Libraries/libGL.dylib
0x0000000006264000 	/System/Library/Frameworks/OpenGL.framework/Versions/A/Libraries/libGLImage.dylib
0x0000000006264000 	/System/Library/Frameworks/OpenGL.framework/Versions/A/Libraries/libCVMSPluginSupport.dylib
0x0000000006264000 	/System/Library/Frameworks/OpenGL.framework/Versions/A/Libraries/libCoreVMClient.dylib
0x0000000006264000 	/usr/lib/libcups.2.dylib
0x0000000006264000 	/System/Library/Frameworks/Kerberos.framework/Versions/A/Kerberos
0x0000000006264000 	/System/Library/Frameworks/GSS.framework/Versions/A/GSS
0x0000000006264000 	/usr/lib/libresolv.9.dylib
0x0000000006264000 	/usr/lib/libiconv.2.dylib
0x0000000006264000 	/System/Library/PrivateFrameworks/Heimdal.framework/Versions/A/Heimdal
0x0000000006264000 	/usr/lib/libheimdal-asn1.dylib
0x0000000006264000 	/System/Library/Frameworks/OpenDirectory.framework/Versions/A/OpenDirectory
0x0000000006264000 	/System/Library/PrivateFrameworks/CommonAuth.framework/Versions/A/CommonAuth
0x0000000006264000 	/System/Library/Frameworks/OpenDirectory.framework/Versions/A/Frameworks/CFOpenDirectory.framework/Versions/A/CFOpenDirectory
0x0000000006264000 	/System/Library/Frameworks/SecurityFoundation.framework/Versions/A/SecurityFoundation
0x0000000006264000 	/System/Library/PrivateFrameworks/LanguageModeling.framework/Versions/A/LanguageModeling
0x0000000006264000 	/usr/lib/libmarisa.dylib
0x0000000006264000 	/usr/lib/libChineseTokenizer.dylib
0x0000000006264000 	/usr/lib/libcmph.dylib
0x0000000006264000 	/usr/lib/libcompression.dylib
0x0000000006264000 	/System/Library/Frameworks/ServiceManagement.framework/Versions/A/ServiceManagement
0x0000000006264000 	/usr/lib/libxslt.1.dylib
0x0000000006264000 	/System/Library/Frameworks/Carbon.framework/Versions/A/Frameworks/Ink.framework/Versions/A/Ink
0x0000000006264000 	/usr/lib/libFosl_dynamic.dylib
0x0000000006264000 	/System/Library/PrivateFrameworks/FaceCore.framework/Versions/A/FaceCore
0x0000000006264000 	/System/Library/Frameworks/OpenCL.framework/Versions/A/OpenCL
0x0000000006264000 	/System/Library/PrivateFrameworks/CrashReporterSupport.framework/Versions/A/CrashReporterSupport
0x0000000006264000 	/System/Library/PrivateFrameworks/IconServices.framework/Versions/A/IconServices
0x0000000006264000 	/System/Library/PrivateFrameworks/Apple80211.framework/Versions/A/Apple80211
0x0000000006264000 	/System/Library/Frameworks/CoreWLAN.framework/Versions/A/CoreWLAN
0x0000000006264000 	/System/Library/Frameworks/IOBluetooth.framework/Versions/A/IOBluetooth
0x0000000006264000 	/System/Library/PrivateFrameworks/CoreWiFi.framework/Versions/A/CoreWiFi
0x0000000006264000 	/System/Library/Frameworks/CoreBluetooth.framework/Versions/A/CoreBluetooth
0x0000000006264000 	/System/Library/PrivateFrameworks/ChunkingLibrary.framework/Versions/A/ChunkingLibrary
0x0000000006264000 	/System/Library/PrivateFrameworks/DebugSymbols.framework/Versions/A/DebugSymbols
0x0000000006264000 	/System/Library/PrivateFrameworks/CoreSymbolication.framework/Versions/A/CoreSymbolication
0x0000000006264000 	/System/Library/PrivateFrameworks/Symbolication.framework/Versions/A/Symbolication
0x0000000006264000 	/System/Library/PrivateFrameworks/SpeechRecognitionCore.framework/Versions/A/SpeechRecognitionCore
0x000000010ea1c000 	/Library/Java/JavaVirtualMachines/jdk1.8.0_45.jdk/Contents/Home/jre/lib/server/libjvm.dylib
0x0000000006264000 	/usr/lib/libstdc++.6.dylib
0x000000010f989000 	/Library/Java/JavaVirtualMachines/jdk1.8.0_45.jdk/Contents/Home/jre/lib/libverify.dylib
0x000000010f997000 	/Library/Java/JavaVirtualMachines/jdk1.8.0_45.jdk/Contents/Home/jre/lib/libjava.dylib
0x000000010f9d6000 	/Library/Java/JavaVirtualMachines/jdk1.8.0_45.jdk/Contents/Home/jre/lib/libzip.dylib
0x0000000125b42000 	/System/Library/Frameworks/JavaVM.framework/Frameworks/JavaRuntimeSupport.framework/JavaRuntimeSupport
0x0000000125b5d000 	/System/Library/Frameworks/JavaVM.framework/Versions/A/Frameworks/JavaNativeFoundation.framework/Versions/A/JavaNativeFoundation
0x0000000125b72000 	/System/Library/Frameworks/JavaVM.framework/Versions/A/JavaVM
0x0000000006264000 	/System/Library/Frameworks/Carbon.framework/Versions/A/Carbon
0x0000000125b7f000 	/System/Library/PrivateFrameworks/JavaLaunching.framework/Versions/A/JavaLaunching
0x0000000006264000 	/System/Library/Frameworks/Carbon.framework/Versions/A/Frameworks/CommonPanels.framework/Versions/A/CommonPanels
0x0000000006264000 	/System/Library/Frameworks/Carbon.framework/Versions/A/Frameworks/Help.framework/Versions/A/Help
0x0000000006264000 	/System/Library/Frameworks/Carbon.framework/Versions/A/Frameworks/ImageCapture.framework/Versions/A/ImageCapture
0x0000000006264000 	/System/Library/Frameworks/Carbon.framework/Versions/A/Frameworks/OpenScripting.framework/Versions/A/OpenScripting
0x0000000006264000 	/System/Library/Frameworks/Carbon.framework/Versions/A/Frameworks/Print.framework/Versions/A/Print
0x0000000006264000 	/System/Library/Frameworks/Carbon.framework/Versions/A/Frameworks/SecurityHI.framework/Versions/A/SecurityHI
0x0000000127572000 	/Library/Java/JavaVirtualMachines/jdk1.8.0_45.jdk/Contents/Home/jre/lib/libprism_es2.dylib
0x0000000006264000 	/System/Library/Frameworks/OpenGL.framework/Versions/A/Resources/GLEngine.bundle/GLEngine
0x0000000006264000 	/System/Library/Frameworks/OpenGL.framework/Versions/A/Libraries/libGLProgrammability.dylib
0x00000001275f4000 	/System/Library/Extensions/AMDRadeonX4000GLDriver.bundle/Contents/MacOS/AMDRadeonX4000GLDriver
0x0000000006264000 	/System/Library/PrivateFrameworks/GPUSupport.framework/Versions/A/Libraries/libGPUSupportMercury.dylib
0x00000001276c0000 	/System/Library/Extensions/AMDRadeonX4000GLDriver.bundle/Contents/MacOS/ATIRadeonX4000SCLib.dylib
0x0000000006264000 	/System/Library/Frameworks/OpenGL.framework/Versions/A/Resources/GLRendererFloat.bundle/GLRendererFloat
0x0000000006264000 	/System/Library/Frameworks/OpenCL.framework/Versions/A/Libraries/libcldcpuengine.dylib
0x0000000006264000 	/System/Library/PrivateFrameworks/DiskImages.framework/Versions/A/DiskImages
0x0000000006264000 	/System/Library/Frameworks/DiscRecording.framework/Versions/A/DiscRecording
0x0000000006264000 	/usr/lib/libcsfde.dylib
0x0000000006264000 	/usr/lib/libcurl.4.dylib
0x0000000006264000 	/System/Library/PrivateFrameworks/MediaKit.framework/Versions/A/MediaKit
0x0000000006264000 	/System/Library/PrivateFrameworks/ProtectedCloudStorage.framework/Versions/A/ProtectedCloudStorage
0x0000000006264000 	/usr/lib/libCoreStorage.dylib
0x0000000006264000 	/System/Library/PrivateFrameworks/EFILogin.framework/Versions/A/EFILogin
0x0000000006264000 	/usr/lib/libutil.dylib
0x0000000006264000 	/System/Library/PrivateFrameworks/FindMyDevice.framework/Versions/A/FindMyDevice
0x0000000006264000 	/System/Library/Frameworks/LDAP.framework/Versions/A/LDAP
0x0000000006264000 	/usr/lib/libsasl2.2.dylib
0x0000000006264000 	/System/Library/PrivateFrameworks/CoreDaemon.framework/Versions/B/CoreDaemon
0x0000000006264000 	/usr/lib/libcrypto.0.9.8.dylib
0x0000000006264000 	/System/Library/PrivateFrameworks/AppleSRP.framework/Versions/A/AppleSRP
0x0000000006264000 	/System/Library/PrivateFrameworks/TrustEvaluationAgent.framework/Versions/A/TrustEvaluationAgent
0x0000000127bda000 	/Library/Java/JavaVirtualMachines/jdk1.8.0_45.jdk/Contents/Home/jre/lib/libglass.dylib
0x0000000006264000 	/System/Library/PrivateFrameworks/CoreServicesInternal.framework/Versions/A/CoreServicesInternal
0x0000000006264000 	/System/Library/CoreServices/RawCamera.bundle/Contents/MacOS/RawCamera
0x0000000006264000 	/System/Library/Frameworks/CoreGraphics.framework/Versions/A/Resources/libRIP.A.dylib
0x0000000006264000 	/System/Library/Frameworks/Accelerate.framework/Versions/A/Frameworks/vImage.framework/Versions/A/Libraries/libCGInterfaces.dylib
0x0000000006264000 	/System/Library/PrivateFrameworks/FamilyControls.framework/Versions/A/FamilyControls
0x0000000006264000 	/System/Library/PrivateFrameworks/CommerceKit.framework/Versions/A/Frameworks/CommerceCore.framework/Versions/A/CommerceCore
0x0000000006264000 	/System/Library/PrivateFrameworks/SystemAdministration.framework/Versions/A/SystemAdministration
0x0000000006264000 	/System/Library/PrivateFrameworks/AppContainer.framework/Versions/A/AppContainer
0x0000000006264000 	/System/Library/PrivateFrameworks/SecCodeWrapper.framework/Versions/A/SecCodeWrapper
0x0000000006264000 	/System/Library/Frameworks/DirectoryService.framework/Versions/A/DirectoryService
0x0000000006264000 	/System/Library/PrivateFrameworks/LoginUIKit.framework/Versions/A/Frameworks/LoginUICore.framework/Versions/A/LoginUICore
0x0000000006264000 	/usr/lib/libodfde.dylib
0x0000000128862000 	/Library/Java/JavaVirtualMachines/jdk1.8.0_45.jdk/Contents/Home/jre/lib/libjavafx_font.dylib
0x0000000006264000 	/System/Library/Frameworks/CoreGraphics.framework/Versions/A/Resources/libCGXType.A.dylib
0x0000000128ad7000 	cl_kernels
0x0000000006264000 	/System/Library/Frameworks/OpenCL.framework/Versions/A/Libraries/ImageFormats/unorm8_bgra.dylib
0x0000000006264000 	/System/Library/Frameworks/OpenCL.framework/Versions/A/Libraries/ImageFormats/unorm8_rgba.dylib
0x000000012b0a5000 	/Library/Java/JavaVirtualMachines/jdk1.8.0_45.jdk/Contents/Home/jre/lib/libprism_common.dylib
0x0000000133f3b000 	/System/Library/Extensions/AMDMTLBronzeDriver.bundle/Contents/MacOS/AMDMTLBronzeDriver
0x0000000006264000 	/System/Library/PrivateFrameworks/IOAccelMemoryInfo.framework/Versions/A/IOAccelMemoryInfo

VM Arguments:
jvm_args: -Dfile.encoding=UTF-8 
java_command: application.Main
java_class_path (initial): /Users/yylonly/git/steam-boiler-simulation/bin:/Applications/eclipses/eclipse modeling tools/plugins/org.eclipse.fx.ide.css.jfx8_1.2.0.201501301049.jar
Launcher Type: SUN_STANDARD

Environment Variables:
PATH=/usr/bin:/bin:/usr/sbin:/sbin
SHELL=/bin/bash
DISPLAY=/private/tmp/com.apple.launchd.VZ3VFC4J6v/org.macosforge.xquartz:0

Signal Handlers:
SIGSEGV: [libjvm.dylib+0x58ef95], sa_mask[0]=11111111011111110111111111111111, sa_flags=SA_ONSTACK|SA_RESTART|SA_SIGINFO
SIGBUS: [libjvm.dylib+0x58ef95], sa_mask[0]=11111111011111110111111111111111, sa_flags=SA_RESTART|SA_SIGINFO
SIGFPE: [libjvm.dylib+0x46c108], sa_mask[0]=11111111011111110111111111111111, sa_flags=SA_RESTART|SA_SIGINFO
SIGPIPE: [libjvm.dylib+0x46c108], sa_mask[0]=11111111011111110111111111111111, sa_flags=SA_RESTART|SA_SIGINFO
SIGXFSZ: [libjvm.dylib+0x46c108], sa_mask[0]=11111111011111110111111111111111, sa_flags=SA_RESTART|SA_SIGINFO
SIGILL: [libjvm.dylib+0x46c108], sa_mask[0]=11111111011111110111111111111111, sa_flags=SA_RESTART|SA_SIGINFO
SIGUSR1: SIG_DFL, sa_mask[0]=00000000000000000000000000000000, sa_flags=none
SIGUSR2: [libjvm.dylib+0x46bc26], sa_mask[0]=00100000000000000000000000000000, sa_flags=SA_RESTART|SA_SIGINFO
SIGHUP: [libjvm.dylib+0x46a1f9], sa_mask[0]=11111111011111110111111111111111, sa_flags=SA_RESTART|SA_SIGINFO
SIGINT: [libjvm.dylib+0x46a1f9], sa_mask[0]=11111111011111110111111111111111, sa_flags=SA_RESTART|SA_SIGINFO
SIGTERM: [libjvm.dylib+0x46a1f9], sa_mask[0]=11111111011111110111111111111111, sa_flags=SA_RESTART|SA_SIGINFO
SIGQUIT: [libjvm.dylib+0x46a1f9], sa_mask[0]=11111111011111110111111111111111, sa_flags=SA_RESTART|SA_SIGINFO


---------------  S Y S T E M  ---------------

OS:Bsduname:Darwin 15.0.0 Darwin Kernel Version 15.0.0: Sat Sep 19 15:53:46 PDT 2015; root:xnu-3247.10.11~1/RELEASE_X86_64 x86_64
rlimit: STACK 8192k, CORE 0k, NPROC 709, NOFILE 10240, AS infinity
load average:2.35 2.04 1.91

CPU:total 4 (4 cores per cpu, 1 threads per core) family 6 model 60 stepping 3, cmov, cx8, fxsr, mmx, sse, sse2, sse3, ssse3, sse4.1, sse4.2, popcnt, avx, avx2, aes, clmul, erms, rtm, lzcnt, tsc, tscinvbit, bmi1, bmi2

Memory: 4k page, physical 8388608k(31608k free)

/proc/meminfo:


vm_info: Java HotSpot(TM) 64-Bit Server VM (25.45-b02) for bsd-amd64 JRE (1.8.0_45-b14), built on Apr 10 2015 10:46:38 by "java_re" with gcc 4.2.1 (Based on Apple Inc. build 5658) (LLVM build 2336.11.00)

time: Wed Dec  2 22:39:21 2015
elapsed time: 4981 seconds (0d 1h 23m 1s)

